<?xml version="1.0" encoding="UTF-8"?>
<!-- Generated by org.testng.reporters.JUnitReportReporter -->
<testsuite hostname="LAPTOP-JNNG69SH" failures="0" tests="2" name="liquibase.com.LiquibaseHub" time="82.803" errors="0" timestamp="2020-11-09T16:07:22 CST" skipped="0">
  <testcase classname="liquibase.com.LiquibaseHub" name="test1" time="41.919"/>
  <system-out/>
  <testcase classname="liquibase.com.LiquibaseHub" name="test2" time="40.884"/>
  <system-out/>
</testsuite> <!-- liquibase.com.LiquibaseHub -->
