<?xml version="1.0" encoding="UTF-8"?>
<!-- Generated by org.testng.reporters.JUnitReportReporter -->
<testsuite hostname="LAPTOP-JNNG69SH" failures="0" tests="1" name="liquibase.com.ApplicationDefect" time="35.132" errors="0" timestamp="2020-11-08T21:24:35 CST" skipped="0">
  <testcase classname="liquibase.com.ApplicationDefect" name="test1" time="35.132"/>
  <system-out/>
</testsuite> <!-- liquibase.com.ApplicationDefect -->
